elbread.dll ver. 1.0.5.375 Tue Jan 14 12:19:28 2014


-----------------------------------------------------
Entity         | Architecture | Library            
-----------------------------------------------------
testp          | test         | risc_microprocessor
mpBeta         | rtl          | risc_microprocessor
rom            | rtl          | risc_microprocessor
alu            | rtl          | risc_microprocessor
rForward       | rtl          | risc_microprocessor
reorderBuffer  | rtl          | risc_microprocessor
---------------------------------------------------

-------------------------------
Package             | Library
-------------------------------
standard            | std
TEXTIO              | std
std_logic_1164      | ieee
std_logic_arith     | ieee
STD_LOGIC_SIGNED    | ieee
STD_LOGIC_UNSIGNED  | ieee
-----------------------------
